.\Debug\XLClient.bsc
.\Debug\XLClient.ilk
.\Debug\XLClient.pdb
.\Debug\XLClient.tlb
C:\Users\st015603\Documents\11XLEvent\.\Debug\XLClient.exe
C:\Users\st015603\Documents\11XLEvent\.\Debug\XLClient.exe.intermediate.manifest
C:\Users\st015603\Documents\11XLEvent\Debug\BscMake.command.1.tlog
C:\Users\st015603\Documents\11XLEvent\Debug\bscmake.read.1.tlog
C:\Users\st015603\Documents\11XLEvent\Debug\bscmake.write.1.tlog
C:\Users\st015603\Documents\11XLEvent\Debug\cl.command.1.tlog
C:\Users\st015603\Documents\11XLEvent\Debug\CL.read.1.tlog
C:\Users\st015603\Documents\11XLEvent\Debug\CL.write.1.tlog
C:\Users\st015603\Documents\11XLEvent\Debug\excel8.tlh
C:\Users\st015603\Documents\11XLEvent\Debug\excel8.tli
C:\USERS\ST015603\DOCUMENTS\11XLEVENT\DEBUG\EXCEL9.OBJ
C:\USERS\ST015603\DOCUMENTS\11XLEVENT\DEBUG\EXCEL9.SBR
C:\Users\st015603\Documents\11XLEvent\Debug\link.1228.read.1.tlog
C:\Users\st015603\Documents\11XLEvent\Debug\link.1228.write.1.tlog
C:\Users\st015603\Documents\11XLEvent\Debug\link.1228-cvtres.read.1.tlog
C:\Users\st015603\Documents\11XLEvent\Debug\link.1228-cvtres.write.1.tlog
C:\Users\st015603\Documents\11XLEvent\Debug\link.1468.read.1.tlog
C:\Users\st015603\Documents\11XLEvent\Debug\link.1468.write.1.tlog
C:\Users\st015603\Documents\11XLEvent\Debug\link.1468-cvtres.read.1.tlog
C:\Users\st015603\Documents\11XLEvent\Debug\link.1468-cvtres.write.1.tlog
C:\Users\st015603\Documents\11XLEvent\Debug\link.2760.read.1.tlog
C:\Users\st015603\Documents\11XLEvent\Debug\link.2760.write.1.tlog
C:\Users\st015603\Documents\11XLEvent\Debug\link.2760-cvtres.read.1.tlog
C:\Users\st015603\Documents\11XLEvent\Debug\link.2760-cvtres.write.1.tlog
C:\Users\st015603\Documents\11XLEvent\Debug\link.3188.read.1.tlog
C:\Users\st015603\Documents\11XLEvent\Debug\link.3188.write.1.tlog
C:\Users\st015603\Documents\11XLEvent\Debug\link.3188-cvtres.read.1.tlog
C:\Users\st015603\Documents\11XLEvent\Debug\link.3188-cvtres.write.1.tlog
C:\Users\st015603\Documents\11XLEvent\Debug\link.4036.read.1.tlog
C:\Users\st015603\Documents\11XLEvent\Debug\link.4036.write.1.tlog
C:\Users\st015603\Documents\11XLEvent\Debug\link.4036-cvtres.read.1.tlog
C:\Users\st015603\Documents\11XLEvent\Debug\link.4036-cvtres.write.1.tlog
C:\Users\st015603\Documents\11XLEvent\Debug\link.4136.read.1.tlog
C:\Users\st015603\Documents\11XLEvent\Debug\link.4136.write.1.tlog
C:\Users\st015603\Documents\11XLEvent\Debug\link.4136-cvtres.read.1.tlog
C:\Users\st015603\Documents\11XLEvent\Debug\link.4136-cvtres.write.1.tlog
C:\Users\st015603\Documents\11XLEvent\Debug\link.4868.read.1.tlog
C:\Users\st015603\Documents\11XLEvent\Debug\link.4868.write.1.tlog
C:\Users\st015603\Documents\11XLEvent\Debug\link.4868-cvtres.read.1.tlog
C:\Users\st015603\Documents\11XLEvent\Debug\link.4868-cvtres.write.1.tlog
C:\Users\st015603\Documents\11XLEvent\Debug\link.5092.read.1.tlog
C:\Users\st015603\Documents\11XLEvent\Debug\link.5092.write.1.tlog
C:\Users\st015603\Documents\11XLEvent\Debug\link.5092-cvtres.read.1.tlog
C:\Users\st015603\Documents\11XLEvent\Debug\link.5092-cvtres.write.1.tlog
C:\Users\st015603\Documents\11XLEvent\Debug\link.command.1.tlog
C:\Users\st015603\Documents\11XLEvent\Debug\link.read.1.tlog
C:\Users\st015603\Documents\11XLEvent\Debug\link.write.1.tlog
C:\Users\st015603\Documents\11XLEvent\Debug\link-cvtres.read.1.tlog
C:\Users\st015603\Documents\11XLEvent\Debug\link-cvtres.write.1.tlog
C:\Users\st015603\Documents\11XLEvent\Debug\midl.command.1.tlog
C:\Users\st015603\Documents\11XLEvent\Debug\midl.read.1.tlog
C:\Users\st015603\Documents\11XLEvent\Debug\midl.write.1.tlog
C:\Users\st015603\Documents\11XLEvent\Debug\midl-midlc.read.1.tlog
C:\Users\st015603\Documents\11XLEvent\Debug\midl-midlc.write.1.tlog
C:\Users\st015603\Documents\11XLEvent\Debug\midl-midlc-cl.read.1.tlog
C:\Users\st015603\Documents\11XLEvent\Debug\mt.command.1.tlog
C:\Users\st015603\Documents\11XLEvent\Debug\mt.read.1.tlog
C:\Users\st015603\Documents\11XLEvent\Debug\mt.write.1.tlog
C:\Users\st015603\Documents\11XLEvent\Debug\rc.command.1.tlog
C:\Users\st015603\Documents\11XLEvent\Debug\rc.read.1.tlog
C:\Users\st015603\Documents\11XLEvent\Debug\rc.write.1.tlog
C:\USERS\ST015603\DOCUMENTS\11XLEVENT\DEBUG\SOCKET.OBJ
C:\USERS\ST015603\DOCUMENTS\11XLEVENT\DEBUG\SOCKET.SBR
C:\USERS\ST015603\DOCUMENTS\11XLEVENT\DEBUG\STDAFX.OBJ
C:\USERS\ST015603\DOCUMENTS\11XLEVENT\DEBUG\STDAFX.SBR
C:\Users\st015603\Documents\11XLEvent\Debug\vc100.idb
C:\USERS\ST015603\DOCUMENTS\11XLEVENT\DEBUG\VC100.PDB
C:\Users\st015603\Documents\11XLEvent\Debug\vc60.idb
C:\Users\st015603\Documents\11XLEvent\Debug\vc60.pdb
C:\Users\st015603\Documents\11XLEvent\Debug\vc90.idb
C:\Users\st015603\Documents\11XLEvent\Debug\vc90.pdb
C:\USERS\ST015603\DOCUMENTS\11XLEVENT\DEBUG\XLCLIENT.BSC
C:\USERS\ST015603\DOCUMENTS\11XLEVENT\DEBUG\XLCLIENT.EXE
C:\Users\st015603\Documents\11XLEvent\Debug\XLClient.exe.embed.manifest
C:\USERS\ST015603\DOCUMENTS\11XLEVENT\DEBUG\XLCLIENT.EXE.EMBED.MANIFEST.RES
C:\USERS\ST015603\DOCUMENTS\11XLEVENT\DEBUG\XLCLIENT.EXE.INTERMEDIATE.MANIFEST
C:\USERS\ST015603\DOCUMENTS\11XLEVENT\DEBUG\XLCLIENT.ILK
C:\USERS\ST015603\DOCUMENTS\11XLEVENT\DEBUG\XLCLIENT.OBJ
C:\USERS\ST015603\DOCUMENTS\11XLEVENT\DEBUG\XLCLIENT.PCH
C:\USERS\ST015603\DOCUMENTS\11XLEVENT\DEBUG\XLCLIENT.PDB
C:\USERS\ST015603\DOCUMENTS\11XLEVENT\DEBUG\XLCLIENT.RES
C:\USERS\ST015603\DOCUMENTS\11XLEVENT\DEBUG\XLCLIENT.SBR
C:\USERS\ST015603\DOCUMENTS\11XLEVENT\DEBUG\XLCLIENT.TLB
C:\Users\st015603\Documents\11XLEvent\Debug\XLClient.vcxprojResolveAssemblyReference.cache
C:\Users\st015603\Documents\11XLEvent\Debug\XLClient.write.1.tlog
C:\Users\st015603\Documents\11XLEvent\Debug\XLClient_manifest.rc
C:\USERS\ST015603\DOCUMENTS\11XLEVENT\DEBUG\XLCLIENTDLG.OBJ
C:\USERS\ST015603\DOCUMENTS\11XLEVENT\DEBUG\XLCLIENTDLG.SBR
C:\USERS\ST015603\DOCUMENTS\11XLEVENT\DEBUG\XLSINK.OBJ
C:\USERS\ST015603\DOCUMENTS\11XLEVENT\DEBUG\XLSINK.SBR
D:\MY FOLDER\1-MATH\SVP\TESTS\09XLCLIENT2010\DEBUG\EXCEL9.OBJ
D:\MY FOLDER\1-MATH\SVP\TESTS\09XLCLIENT2010\DEBUG\EXCEL9.SBR
D:\MY FOLDER\1-MATH\SVP\TESTS\09XLCLIENT2010\DEBUG\SOCKET.OBJ
D:\MY FOLDER\1-MATH\SVP\TESTS\09XLCLIENT2010\DEBUG\SOCKET.SBR
D:\MY FOLDER\1-MATH\SVP\TESTS\09XLCLIENT2010\DEBUG\STDAFX.OBJ
D:\MY FOLDER\1-MATH\SVP\TESTS\09XLCLIENT2010\DEBUG\STDAFX.SBR
D:\MY FOLDER\1-MATH\SVP\TESTS\09XLCLIENT2010\DEBUG\VC100.PDB
D:\MY FOLDER\1-MATH\SVP\TESTS\09XLCLIENT2010\DEBUG\XLCLIENT.BSC
D:\MY FOLDER\1-MATH\SVP\TESTS\09XLCLIENT2010\DEBUG\XLCLIENT.EXE
D:\MY FOLDER\1-MATH\SVP\TESTS\09XLCLIENT2010\DEBUG\XLCLIENT.EXE.EMBED.MANIFEST
D:\MY FOLDER\1-MATH\SVP\TESTS\09XLCLIENT2010\DEBUG\XLCLIENT.EXE.EMBED.MANIFEST.RES
D:\MY FOLDER\1-MATH\SVP\TESTS\09XLCLIENT2010\DEBUG\XLCLIENT.EXE.INTERMEDIATE.MANIFEST
D:\MY FOLDER\1-MATH\SVP\TESTS\09XLCLIENT2010\DEBUG\XLCLIENT.ILK
D:\MY FOLDER\1-MATH\SVP\TESTS\09XLCLIENT2010\DEBUG\XLCLIENT.OBJ
D:\MY FOLDER\1-MATH\SVP\TESTS\09XLCLIENT2010\DEBUG\XLCLIENT.PCH
D:\MY FOLDER\1-MATH\SVP\TESTS\09XLCLIENT2010\DEBUG\XLCLIENT.PDB
D:\MY FOLDER\1-MATH\SVP\TESTS\09XLCLIENT2010\DEBUG\XLCLIENT.RES
D:\MY FOLDER\1-MATH\SVP\TESTS\09XLCLIENT2010\DEBUG\XLCLIENT.SBR
D:\MY FOLDER\1-MATH\SVP\TESTS\09XLCLIENT2010\DEBUG\XLCLIENT.TLB
D:\MY FOLDER\1-MATH\SVP\TESTS\09XLCLIENT2010\DEBUG\XLCLIENTDLG.OBJ
D:\MY FOLDER\1-MATH\SVP\TESTS\09XLCLIENT2010\DEBUG\XLCLIENTDLG.SBR
D:\MY FOLDER\1-MATH\SVP\TESTS\09XLCLIENT2010\DEBUG\XLSINK.OBJ
D:\MY FOLDER\1-MATH\SVP\TESTS\09XLCLIENT2010\DEBUG\XLSINK.SBR
D:\MY FOLDER\1-MATH\SVP\TESTS\09XLEVENT\DEBUG\EXCEL9.OBJ
D:\MY FOLDER\1-MATH\SVP\TESTS\09XLEVENT\DEBUG\EXCEL9.SBR
D:\MY FOLDER\1-MATH\SVP\TESTS\09XLEVENT\DEBUG\SOCKET.OBJ
D:\MY FOLDER\1-MATH\SVP\TESTS\09XLEVENT\DEBUG\SOCKET.SBR
D:\MY FOLDER\1-MATH\SVP\TESTS\09XLEVENT\DEBUG\STDAFX.OBJ
D:\MY FOLDER\1-MATH\SVP\TESTS\09XLEVENT\DEBUG\STDAFX.SBR
D:\MY FOLDER\1-MATH\SVP\TESTS\09XLEVENT\DEBUG\VC100.PDB
D:\MY FOLDER\1-MATH\SVP\TESTS\09XLEVENT\DEBUG\XLCLIENT.BSC
D:\MY FOLDER\1-MATH\SVP\TESTS\09XLEVENT\DEBUG\XLCLIENT.EXE
D:\MY FOLDER\1-MATH\SVP\TESTS\09XLEVENT\DEBUG\XLCLIENT.EXE.EMBED.MANIFEST.RES
D:\MY FOLDER\1-MATH\SVP\TESTS\09XLEVENT\DEBUG\XLCLIENT.EXE.INTERMEDIATE.MANIFEST
D:\MY FOLDER\1-MATH\SVP\TESTS\09XLEVENT\DEBUG\XLCLIENT.ILK
D:\MY FOLDER\1-MATH\SVP\TESTS\09XLEVENT\DEBUG\XLCLIENT.OBJ
D:\MY FOLDER\1-MATH\SVP\TESTS\09XLEVENT\DEBUG\XLCLIENT.PCH
D:\MY FOLDER\1-MATH\SVP\TESTS\09XLEVENT\DEBUG\XLCLIENT.PDB
D:\MY FOLDER\1-MATH\SVP\TESTS\09XLEVENT\DEBUG\XLCLIENT.RES
D:\MY FOLDER\1-MATH\SVP\TESTS\09XLEVENT\DEBUG\XLCLIENT.SBR
D:\MY FOLDER\1-MATH\SVP\TESTS\09XLEVENT\DEBUG\XLCLIENT.TLB
D:\MY FOLDER\1-MATH\SVP\TESTS\09XLEVENT\DEBUG\XLCLIENTDLG.OBJ
D:\MY FOLDER\1-MATH\SVP\TESTS\09XLEVENT\DEBUG\XLCLIENTDLG.SBR
D:\MY FOLDER\1-MATH\SVP\TESTS\09XLEVENT\DEBUG\XLSINK.OBJ
D:\MY FOLDER\1-MATH\SVP\TESTS\09XLEVENT\DEBUG\XLSINK.SBR
D:\MYFOLDER\1-MATH\SVP\TESTS\09XLEVENT\DEBUG\EXCEL9.OBJ
D:\MYFOLDER\1-MATH\SVP\TESTS\09XLEVENT\DEBUG\EXCEL9.SBR
D:\MYFOLDER\1-MATH\SVP\TESTS\09XLEVENT\DEBUG\SOCKET.OBJ
D:\MYFOLDER\1-MATH\SVP\TESTS\09XLEVENT\DEBUG\SOCKET.SBR
D:\MYFOLDER\1-MATH\SVP\TESTS\09XLEVENT\DEBUG\STDAFX.OBJ
D:\MYFOLDER\1-MATH\SVP\TESTS\09XLEVENT\DEBUG\STDAFX.SBR
D:\MYFOLDER\1-MATH\SVP\TESTS\09XLEVENT\DEBUG\VC100.PDB
D:\MYFOLDER\1-MATH\SVP\TESTS\09XLEVENT\DEBUG\XLCLIENT.BSC
D:\MYFOLDER\1-MATH\SVP\TESTS\09XLEVENT\DEBUG\XLCLIENT.EXE
D:\MYFOLDER\1-MATH\SVP\TESTS\09XLEVENT\DEBUG\XLCLIENT.EXE.EMBED.MANIFEST.RES
D:\MYFOLDER\1-MATH\SVP\TESTS\09XLEVENT\DEBUG\XLCLIENT.EXE.INTERMEDIATE.MANIFEST
D:\MYFOLDER\1-MATH\SVP\TESTS\09XLEVENT\DEBUG\XLCLIENT.ILK
D:\MYFOLDER\1-MATH\SVP\TESTS\09XLEVENT\DEBUG\XLCLIENT.OBJ
D:\MYFOLDER\1-MATH\SVP\TESTS\09XLEVENT\DEBUG\XLCLIENT.PCH
D:\MYFOLDER\1-MATH\SVP\TESTS\09XLEVENT\DEBUG\XLCLIENT.PDB
D:\MYFOLDER\1-MATH\SVP\TESTS\09XLEVENT\DEBUG\XLCLIENT.RES
D:\MYFOLDER\1-MATH\SVP\TESTS\09XLEVENT\DEBUG\XLCLIENT.SBR
D:\MYFOLDER\1-MATH\SVP\TESTS\09XLEVENT\DEBUG\XLCLIENT.TLB
D:\MYFOLDER\1-MATH\SVP\TESTS\09XLEVENT\DEBUG\XLCLIENTDLG.OBJ
D:\MYFOLDER\1-MATH\SVP\TESTS\09XLEVENT\DEBUG\XLCLIENTDLG.SBR
D:\MYFOLDER\1-MATH\SVP\TESTS\09XLEVENT\DEBUG\XLSINK.OBJ
D:\MYFOLDER\1-MATH\SVP\TESTS\09XLEVENT\DEBUG\XLSINK.SBR
M:\STATMOD\EXAMPLES\09XLEVENT\DEBUG\EXCEL9.OBJ
M:\STATMOD\EXAMPLES\09XLEVENT\DEBUG\EXCEL9.SBR
M:\STATMOD\EXAMPLES\09XLEVENT\DEBUG\SOCKET.OBJ
M:\STATMOD\EXAMPLES\09XLEVENT\DEBUG\SOCKET.SBR
M:\STATMOD\EXAMPLES\09XLEVENT\DEBUG\STDAFX.OBJ
M:\STATMOD\EXAMPLES\09XLEVENT\DEBUG\STDAFX.SBR
M:\STATMOD\EXAMPLES\09XLEVENT\DEBUG\VC100.PDB
M:\STATMOD\EXAMPLES\09XLEVENT\DEBUG\XLCLIENT.BSC
M:\STATMOD\EXAMPLES\09XLEVENT\DEBUG\XLCLIENT.EXE
M:\STATMOD\EXAMPLES\09XLEVENT\DEBUG\XLCLIENT.EXE.EMBED.MANIFEST.RES
M:\STATMOD\EXAMPLES\09XLEVENT\DEBUG\XLCLIENT.EXE.INTERMEDIATE.MANIFEST
M:\STATMOD\EXAMPLES\09XLEVENT\DEBUG\XLCLIENT.ILK
M:\STATMOD\EXAMPLES\09XLEVENT\DEBUG\XLCLIENT.OBJ
M:\STATMOD\EXAMPLES\09XLEVENT\DEBUG\XLCLIENT.PCH
M:\STATMOD\EXAMPLES\09XLEVENT\DEBUG\XLCLIENT.PDB
M:\STATMOD\EXAMPLES\09XLEVENT\DEBUG\XLCLIENT.RES
M:\STATMOD\EXAMPLES\09XLEVENT\DEBUG\XLCLIENT.SBR
M:\STATMOD\EXAMPLES\09XLEVENT\DEBUG\XLCLIENT.TLB
M:\STATMOD\EXAMPLES\09XLEVENT\DEBUG\XLCLIENTDLG.OBJ
M:\STATMOD\EXAMPLES\09XLEVENT\DEBUG\XLCLIENTDLG.SBR
M:\STATMOD\EXAMPLES\09XLEVENT\DEBUG\XLSINK.OBJ
M:\STATMOD\EXAMPLES\09XLEVENT\DEBUG\XLSINK.SBR
